Backend server running on port 3001
{
  accepted: [ 'sr342@hotmail.com' ],
  rejected: [],
  envelopeTime: 32,
  messageTime: 78,
  messageSize: 314,
  response: '250 2.0.0 Ok: queued',
  envelope: {
    from: 'BARD.Scheduler@brandontreston.com',
    to: [ 'sr342@hotmail.com' ]
  },
  messageId: '<0a40cc87-1025-47ca-1f1d-3ad8af663101@brandontreston.com>'
}
{
  accepted: [ 'sr342@hotmail.com' ],
  rejected: [],
  envelopeTime: 32,
  messageTime: 61,
  messageSize: 314,
  response: '250 2.0.0 Ok: queued',
  envelope: {
    from: 'BARD.Scheduler@brandontreston.com',
    to: [ 'sr342@hotmail.com' ]
  },
  messageId: '<d5c2e9dc-02f9-790b-7c99-f33f9a0a1d2e@brandontreston.com>'
}
{
  accepted: [ 'johncon@gmail.com' ],
  rejected: [],
  envelopeTime: 31,
  messageTime: 61,
  messageSize: 314,
  response: '250 2.0.0 Ok: queued',
  envelope: {
    from: 'BARD.Scheduler@brandontreston.com',
    to: [ 'johncon@gmail.com' ]
  },
  messageId: '<66eeac54-ba9a-0c41-1e48-f757d9883577@brandontreston.com>'
}
{
  accepted: [ 'sr342@hotmail.com' ],
  rejected: [],
  envelopeTime: 32,
  messageTime: 62,
  messageSize: 314,
  response: '250 2.0.0 Ok: queued',
  envelope: {
    from: 'BARD.Scheduler@brandontreston.com',
    to: [ 'sr342@hotmail.com' ]
  },
  messageId: '<f36b6e0d-71e5-d69f-c184-4d582271d4a2@brandontreston.com>'
}
{
  accepted: [ 'samgoody@gmail.com' ],
  rejected: [],
  envelopeTime: 35,
  messageTime: 61,
  messageSize: 315,
  response: '250 2.0.0 Ok: queued',
  envelope: {
    from: 'BARD.Scheduler@brandontreston.com',
    to: [ 'samgoody@gmail.com' ]
  },
  messageId: '<b1ede258-adf8-50bd-b70a-11aad6de79ac@brandontreston.com>'
}
{
  accepted: [ 'johncon@gmail.com' ],
  rejected: [],
  envelopeTime: 40,
  messageTime: 61,
  messageSize: 314,
  response: '250 2.0.0 Ok: queued',
  envelope: {
    from: 'BARD.Scheduler@brandontreston.com',
    to: [ 'johncon@gmail.com' ]
  },
  messageId: '<dc9c19ab-2b3d-e350-566a-d9b34ec5159a@brandontreston.com>'
}
{
  accepted: [ 'sr342@hotmail.com' ],
  rejected: [],
  envelopeTime: 34,
  messageTime: 61,
  messageSize: 314,
  response: '250 2.0.0 Ok: queued',
  envelope: {
    from: 'BARD.Scheduler@brandontreston.com',
    to: [ 'sr342@hotmail.com' ]
  },
  messageId: '<eb762305-6167-2c0e-7c29-5b99ceb386cf@brandontreston.com>'
}
Backend server running on port 3001
Backend server running on port 3001
Backend server running on port 3001
Backend server running on port 3001
Backend server running on port 3001
Backend server running on port 3001
Backend server running on port 3001
Backend server running on port 3001
Backend server running on port 3001
Backend server running on port 3001
Backend server running on port 3001
Backend server running on port 3001
Backend server running on port 3001
Backend server running on port 3001
Backend server running on port 3001
Backend server running on port 3001
Backend server running on port 3001
Backend server running on port 3001
Backend server running on port 3001
Backend server running on port 3001
Backend server running on port 3001
Backend server running on port 3001
Backend server running on port 3001
Backend server running on port 3001
Backend server running on port 3001
Backend server running on port 3001
Backend server running on port 3001
Backend server running on port 3001
Backend server running on port 3001
Backend server running on port 3001
Backend server running on port 3001
Backend server running on port 3001
Backend server running on port 3001
Backend server running on port 3001
Backend server running on port 3001
Backend server running on port 3001
Backend server running on port 3001
Backend server running on port 3001
Backend server running on port 3001
Backend server running on port 3001
Backend server running on port 3001
Backend server running on port 3001
Backend server running on port 3001
Backend server running on port 3001
Backend server running on port 3001
Backend server running on port 3001
Backend server running on port 3001
Backend server running on port 3001
Backend server running on port 3001
Backend server running on port 3001
Backend server running on port 3001
Backend server running on port 3001
Backend server running on port 3001
Backend server running on port 3001
Backend server running on port 3001
Backend server running on port 3001
Backend server running on port 3001
Backend server running on port 3001
Backend server running on port 3001
Backend server running on port 3001
Backend server running on port 3001
Backend server running on port 3001
Backend server running on port 3001
Backend server running on port 3001
Backend server running on port 3001
Backend server running on port 3001
Backend server running on port 3001
Backend server running on port 3001
Backend server running on port 3001
Backend server running on port 3001
Backend server running on port 3001
Backend server running on port 3001
Backend server running on port 3001
Backend server running on port 3001
Backend server running on port 3001
Backend server running on port 3001
Backend server running on port 3001
Backend server running on port 3001
{
  accepted: [ 'samgoody@gmail.com' ],
  rejected: [],
  envelopeTime: 252,
  messageTime: 55,
  messageSize: 315,
  response: '250 2.0.0 Ok: queued',
  envelope: {
    from: 'BARD.Scheduler@brandontreston.com',
    to: [ 'samgoody@gmail.com' ]
  },
  messageId: '<2991db95-9552-1556-f5d8-d4a4ee8224cc@brandontreston.com>'
}
Backend server running on port 3001
Backend server running on port 3001
Backend server running on port 3001
Backend server running on port 3001
Backend server running on port 3001
Backend server running on port 3001
Backend server running on port 3001
Backend server running on port 3001
Backend server running on port 3001
Backend server running on port 3001
Backend server running on port 3001
Backend server running on port 3001
Backend server running on port 3001
Backend server running on port 3001
Backend server running on port 3001
Backend server running on port 3001
Backend server running on port 3001
Backend server running on port 3001
Backend server running on port 3001
Backend server running on port 3001
Backend server running on port 3001
Backend server running on port 3001
Backend server running on port 3001
Backend server running on port 3001
Backend server running on port 3001
Backend server running on port 3001
Backend server running on port 3001
Backend server running on port 3001
Backend server running on port 3001
Backend server running on port 3001
Backend server running on port 3001
Backend server running on port 3001
Backend server running on port 3001
Backend server running on port 3001
Backend server running on port 3001
Backend server running on port 3001
Backend server running on port 3001
Backend server running on port 3001
Backend server running on port 3001
Backend server running on port 3001
Backend server running on port 3001
Backend server running on port 3001
Backend server running on port 3001
Backend server running on port 3001
Backend server running on port 3001
Backend server running on port 3001
Backend server running on port 3001
Backend server running on port 3001
Backend server running on port 3001
Backend server running on port 3001
Backend server running on port 3001
Backend server running on port 3001
Backend server running on port 3001
Backend server running on port 3001
Backend server running on port 3001
Backend server running on port 3001
Backend server running on port 3001
Backend server running on port 3001
Backend server running on port 3001
Backend server running on port 3001
Backend server running on port 3001
Backend server running on port 3001
Backend server running on port 3001
Backend server running on port 3001
Backend server running on port 3001
Backend server running on port 3001
Backend server running on port 3001
Backend server running on port 3001
Backend server running on port 3001
Backend server running on port 3001
Backend server running on port 3001
Backend server running on port 3001
Backend server running on port 3001
Backend server running on port 3001
Backend server running on port 3001
Backend server running on port 3001
Backend server running on port 3001
Backend server running on port 3001
Backend server running on port 3001
Backend server running on port 3001
Backend server running on port 3001
Backend server running on port 3001
Backend server running on port 3001
Backend server running on port 3001
Backend server running on port 3001
Backend server running on port 3001
Backend server running on port 3001
Backend server running on port 3001
Backend server running on port 3001
Backend server running on port 3001
Backend server running on port 3001
{
  accepted: [ 'email@email.com' ],
  rejected: [],
  envelopeTime: 38,
  messageTime: 66,
  messageSize: 312,
  response: '250 2.0.0 Ok: queued',
  envelope: {
    from: 'BARD.Scheduler@brandontreston.com',
    to: [ 'email@email.com' ]
  },
  messageId: '<ba75e1d2-4f86-25ef-f605-0bae2da248c9@brandontreston.com>'
}
{
  accepted: [ 'email@email.com' ],
  rejected: [],
  envelopeTime: 33,
  messageTime: 65,
  messageSize: 312,
  response: '250 2.0.0 Ok: queued',
  envelope: {
    from: 'BARD.Scheduler@brandontreston.com',
    to: [ 'email@email.com' ]
  },
  messageId: '<3e13c448-7e28-fea4-b349-c01a0e52ca7a@brandontreston.com>'
}
{
  accepted: [ 'email@email.com' ],
  rejected: [],
  envelopeTime: 30,
  messageTime: 60,
  messageSize: 312,
  response: '250 2.0.0 Ok: queued',
  envelope: {
    from: 'BARD.Scheduler@brandontreston.com',
    to: [ 'email@email.com' ]
  },
  messageId: '<24c4852f-eb64-ec0e-6a36-d868c92d1032@brandontreston.com>'
}
Backend server running on port 3001
Backend server running on port 3001
Backend server running on port 3001
Backend server running on port 3001
Backend server running on port 3001
Backend server running on port 3001
Backend server running on port 3001
Backend server running on port 3001
Backend server running on port 3001
Backend server running on port 3001
Backend server running on port 3001
Backend server running on port 3001
Backend server running on port 3001
Backend server running on port 3001
Backend server running on port 3001
Backend server running on port 3001
Backend server running on port 3001
Backend server running on port 3001
Backend server running on port 3001
Backend server running on port 3001
Backend server running on port 3001
Backend server running on port 3001
Backend server running on port 3001
Backend server running on port 3001
Backend server running on port 3001
Backend server running on port 3001
Backend server running on port 3001
Backend server running on port 3001
Backend server running on port 3001
Backend server running on port 3001
Backend server running on port 3001
Backend server running on port 3001
Backend server running on port 3001
Backend server running on port 3001
Backend server running on port 3001
Backend server running on port 3001
Backend server running on port 3001
Backend server running on port 3001
Backend server running on port 3001
Backend server running on port 3001
Backend server running on port 3001
Backend server running on port 3001
Backend server running on port 3001
Backend server running on port 3001
Backend server running on port 3001
Backend server running on port 3001
Backend server running on port 3001
Backend server running on port 3001
Backend server running on port 3001
Backend server running on port 3001
Backend server running on port 3001
Backend server running on port 3001
Backend server running on port 3001
Backend server running on port 3001
Backend server running on port 3001
Backend server running on port 3001
Backend server running on port 3001
Backend server running on port 3001
Backend server running on port 3001
Backend server running on port 3001
Backend server running on port 3001
Backend server running on port 3001
Backend server running on port 3001
Backend server running on port 3001
Backend server running on port 3001
Backend server running on port 3001
Backend server running on port 3001
Backend server running on port 3001
Backend server running on port 3001
Backend server running on port 3001
Backend server running on port 3001
Backend server running on port 3001
Backend server running on port 3001
Backend server running on port 3001
Backend server running on port 3001
Backend server running on port 3001
Backend server running on port 3001
Backend server running on port 3001
Backend server running on port 3001
Backend server running on port 3001
Backend server running on port 3001
Backend server running on port 3001
Backend server running on port 3001
Backend server running on port 3001
Backend server running on port 3001
Backend server running on port 3001
Backend server running on port 3001
Backend server running on port 3001
Backend server running on port 3001
Backend server running on port 3001
Backend server running on port 3001
Backend server running on port 3001
Backend server running on port 3001
Backend server running on port 3001
Backend server running on port 3001
Backend server running on port 3001
Backend server running on port 3001
Backend server running on port 3001
Backend server running on port 3001
Backend server running on port 3001
Backend server running on port 3001
Backend server running on port 3001
Backend server running on port 3001
Backend server running on port 3001
Backend server running on port 3001
Backend server running on port 3001
Backend server running on port 3001
Backend server running on port 3001
Backend server running on port 3001
Backend server running on port 3001
Backend server running on port 3001
Backend server running on port 3001
Backend server running on port 3001
Backend server running on port 3001
Backend server running on port 3001
Backend server running on port 3001
Backend server running on port 3001
Backend server running on port 3001
Backend server running on port 3001
Backend server running on port 3001
Backend server running on port 3001
Backend server running on port 3001
Backend server running on port 3001
Backend server running on port 3001
Backend server running on port 3001
Backend server running on port 3001
Backend server running on port 3001
Backend server running on port 3001
Backend server running on port 3001
Backend server running on port 3001
Backend server running on port 3001
Backend server running on port 3001
Backend server running on port 3001
Backend server running on port 3001
Backend server running on port 3001
Backend server running on port 3001
Backend server running on port 3001
Backend server running on port 3001
Backend server running on port 3001
Backend server running on port 3001
Backend server running on port 3001
Backend server running on port 3001
Backend server running on port 3001
Backend server running on port 3001
Backend server running on port 3001
Backend server running on port 3001
Backend server running on port 3001
Backend server running on port 3001
Backend server running on port 3001
Backend server running on port 3001
Backend server running on port 3001
Backend server running on port 3001
Backend server running on port 3001
Backend server running on port 3001
Backend server running on port 3001
Backend server running on port 3001
Backend server running on port 3001
Backend server running on port 3001
Backend server running on port 3001
Backend server running on port 3001
Backend server running on port 3001
Backend server running on port 3001
Backend server running on port 3001
Backend server running on port 3001
Backend server running on port 3001
Backend server running on port 3001
Backend server running on port 3001
Backend server running on port 3001
Backend server running on port 3001
Backend server running on port 3001
Backend server running on port 3001
Backend server running on port 3001
Backend server running on port 3001
Backend server running on port 3001
Backend server running on port 3001
Backend server running on port 3001
Backend server running on port 3001
Backend server running on port 3001
Backend server running on port 3001
Backend server running on port 3001
Backend server running on port 3001
Backend server running on port 3001
Backend server running on port 3001
Backend server running on port 3001
Backend server running on port 3001
Backend server running on port 3001
Backend server running on port 3001
Backend server running on port 3001
Backend server running on port 3001
Backend server running on port 3001
Backend server running on port 3001
Backend server running on port 3001
Backend server running on port 3001
Backend server running on port 3001
Backend server running on port 3001
Backend server running on port 3001
Backend server running on port 3001
Backend server running on port 3001
Backend server running on port 3001
Backend server running on port 3001
Backend server running on port 3001
Backend server running on port 3001
Backend server running on port 3001
Backend server running on port 3001
Backend server running on port 3001
Backend server running on port 3001
Backend server running on port 3001
Backend server running on port 3001
Backend server running on port 3001
Backend server running on port 3001
Backend server running on port 3001
Backend server running on port 3001
Backend server running on port 3001
Backend server running on port 3001
Backend server running on port 3001
Backend server running on port 3001
Backend server running on port 3001
Backend server running on port 3001
Backend server running on port 3001
Backend server running on port 3001
Backend server running on port 3001
Backend server running on port 3001
Backend server running on port 3001
Backend server running on port 3001
Backend server running on port 3001
Backend server running on port 3001
Backend server running on port 3001
Backend server running on port 3001
Backend server running on port 3001
Backend server running on port 3001
Backend server running on port 3001
Backend server running on port 3001
Backend server running on port 3001
Backend server running on port 3001
Backend server running on port 3001
Backend server running on port 3001
Backend server running on port 3001
Backend server running on port 3001
Backend server running on port 3001
Backend server running on port 3001
Backend server running on port 3001
Backend server running on port 3001
Backend server running on port 3001
Backend server running on port 3001
Backend server running on port 3001
Backend server running on port 3001
Backend server running on port 3001
Backend server running on port 3001
Backend server running on port 3001
Backend server running on port 3001
Backend server running on port 3001
Backend server running on port 3001
Backend server running on port 3001
Backend server running on port 3001
Backend server running on port 3001
Backend server running on port 3001
Backend server running on port 3001
Backend server running on port 3001
Backend server running on port 3001
Backend server running on port 3001
Backend server running on port 3001
Backend server running on port 3001
Backend server running on port 3001
Backend server running on port 3001
Backend server running on port 3001
Backend server running on port 3001
Backend server running on port 3001
Backend server running on port 3001
Backend server running on port 3001
Backend server running on port 3001
Backend server running on port 3001
Backend server running on port 3001
Backend server running on port 3001
Backend server running on port 3001
Backend server running on port 3001
Backend server running on port 3001
Backend server running on port 3001
Backend server running on port 3001
Backend server running on port 3001
Backend server running on port 3001
Backend server running on port 3001
Backend server running on port 3001
Backend server running on port 3001
Backend server running on port 3001
Backend server running on port 3001
Backend server running on port 3001
Backend server running on port 3001
Backend server running on port 3001
Backend server running on port 3001
Backend server running on port 3001
Backend server running on port 3001
Backend server running on port 3001
Backend server running on port 3001
Backend server running on port 3001
Backend server running on port 3001
Backend server running on port 3001
Backend server running on port 3001
Backend server running on port 3001
Backend server running on port 3001
Backend server running on port 3001
Backend server running on port 3001
Backend server running on port 3001
Backend server running on port 3001
Backend server running on port 3001
Backend server running on port 3001
Backend server running on port 3001
Backend server running on port 3001
Backend server running on port 3001
Backend server running on port 3001
Backend server running on port 3001
Backend server running on port 3001
Backend server running on port 3001
Backend server running on port 3001
Backend server running on port 3001
Backend server running on port 3001
Backend server running on port 3001
Backend server running on port 3001
Backend server running on port 3001
Backend server running on port 3001
Backend server running on port 3001
Backend server running on port 3001
Backend server running on port 3001
Backend server running on port 3001
Backend server running on port 3001
Backend server running on port 3001
Backend server running on port 3001
Backend server running on port 3001
Backend server running on port 3001
Backend server running on port 3001
Backend server running on port 3001
Backend server running on port 3001
Backend server running on port 3001
Backend server running on port 3001
Backend server running on port 3001
Backend server running on port 3001
Backend server running on port 3001
Backend server running on port 3001
Backend server running on port 3001
Backend server running on port 3001
Backend server running on port 3001
Backend server running on port 3001
Backend server running on port 3001
Backend server running on port 3001
Backend server running on port 3001
Backend server running on port 3001
Backend server running on port 3001
Backend server running on port 3001
Backend server running on port 3001
Backend server running on port 3001
Backend server running on port 3001
Backend server running on port 3001
Backend server running on port 3001
Backend server running on port 3001
Backend server running on port 3001
Backend server running on port 3001
Backend server running on port 3001
Backend server running on port 3001
Backend server running on port 3001
Backend server running on port 3001
Backend server running on port 3001
Backend server running on port 3001
Backend server running on port 3001
Backend server running on port 3001
Backend server running on port 3001
Backend server running on port 3001
Backend server running on port 3001
Backend server running on port 3001
Backend server running on port 3001
Backend server running on port 3001
Backend server running on port 3001
Backend server running on port 3001
Backend server running on port 3001
Backend server running on port 3001
Backend server running on port 3001
Backend server running on port 3001
Backend server running on port 3001
Backend server running on port 3001
Backend server running on port 3001
Backend server running on port 3001
Backend server running on port 3001
Backend server running on port 3001
Backend server running on port 3001
Backend server running on port 3001
Backend server running on port 3001
Backend server running on port 3001
Backend server running on port 3001
Backend server running on port 3001
Backend server running on port 3001
Backend server running on port 3001
Backend server running on port 3001
Backend server running on port 3001
Backend server running on port 3001
Backend server running on port 3001
Backend server running on port 3001
Backend server running on port 3001
Backend server running on port 3001
Backend server running on port 3001
Backend server running on port 3001
Backend server running on port 3001
Backend server running on port 3001
Backend server running on port 3001
Backend server running on port 3001
Backend server running on port 3001
Backend server running on port 3001
Backend server running on port 3001
Backend server running on port 3001
Backend server running on port 3001
Backend server running on port 3001
Backend server running on port 3001
Backend server running on port 3001
Backend server running on port 3001
Backend server running on port 3001
Backend server running on port 3001
Backend server running on port 3001
Backend server running on port 3001
Backend server running on port 3001
Backend server running on port 3001
Backend server running on port 3001
Backend server running on port 3001
Backend server running on port 3001
Backend server running on port 3001
Backend server running on port 3001
Backend server running on port 3001
Backend server running on port 3001
Backend server running on port 3001
Backend server running on port 3001
Backend server running on port 3001
Backend server running on port 3001
Backend server running on port 3001
Backend server running on port 3001
Backend server running on port 3001
Backend server running on port 3001
Backend server running on port 3001
Backend server running on port 3001
Backend server running on port 3001
Backend server running on port 3001
Backend server running on port 3001
Backend server running on port 3001
Backend server running on port 3001
Backend server running on port 3001
Backend server running on port 3001
Backend server running on port 3001
Backend server running on port 3001
Backend server running on port 3001
Backend server running on port 3001
Backend server running on port 3001
Backend server running on port 3001
Backend server running on port 3001
Backend server running on port 3001
Backend server running on port 3001
Backend server running on port 3001
Backend server running on port 3001
Backend server running on port 3001
Backend server running on port 3001
Backend server running on port 3001
Backend server running on port 3001
Backend server running on port 3001
Backend server running on port 3001
Backend server running on port 3001
Backend server running on port 3001
Backend server running on port 3001
Backend server running on port 3001
Backend server running on port 3001
Backend server running on port 3001
Backend server running on port 3001
Backend server running on port 3001
Backend server running on port 3001
Backend server running on port 3001
Backend server running on port 3001
Backend server running on port 3001
Backend server running on port 3001
Backend server running on port 3001
Backend server running on port 3001
Backend server running on port 3001
Backend server running on port 3001
Backend server running on port 3001
Backend server running on port 3001
Backend server running on port 3001
Backend server running on port 3001
Backend server running on port 3001
Backend server running on port 3001
Backend server running on port 3001
Backend server running on port 3001
Backend server running on port 3001
Backend server running on port 3001
Backend server running on port 3001
Backend server running on port 3001
Backend server running on port 3001
Backend server running on port 3001
Backend server running on port 3001
Backend server running on port 3001
Backend server running on port 3001
Backend server running on port 3001
Backend server running on port 3001
Backend server running on port 3001
Backend server running on port 3001
Backend server running on port 3001
Backend server running on port 3001
Backend server running on port 3001
Backend server running on port 3001
Backend server running on port 3001
Backend server running on port 3001
Backend server running on port 3001
Backend server running on port 3001
Backend server running on port 3001
Backend server running on port 3001
Backend server running on port 3001
Backend server running on port 3001
Backend server running on port 3001
Backend server running on port 3001
Backend server running on port 3001
Backend server running on port 3001
Backend server running on port 3001
Backend server running on port 3001
Backend server running on port 3001
Backend server running on port 3001
Backend server running on port 3001
Backend server running on port 3001
Backend server running on port 3001
Backend server running on port 3001
Backend server running on port 3001
Backend server running on port 3001
Backend server running on port 3001
Backend server running on port 3001
Backend server running on port 3001
Backend server running on port 3001
Backend server running on port 3001
Backend server running on port 3001
Backend server running on port 3001
Backend server running on port 3001
Backend server running on port 3001
Backend server running on port 3001
Backend server running on port 3001
Backend server running on port 3001
Backend server running on port 3001
Backend server running on port 3001
Backend server running on port 3001
Backend server running on port 3001
Backend server running on port 3001
Backend server running on port 3001
Backend server running on port 3001
Backend server running on port 3001
Backend server running on port 3001
Backend server running on port 3001
Backend server running on port 3001
Backend server running on port 3001
Backend server running on port 3001
Backend server running on port 3001
Backend server running on port 3001
Backend server running on port 3001
Backend server running on port 3001
Backend server running on port 3001
Backend server running on port 3001
Backend server running on port 3001
Backend server running on port 3001
Backend server running on port 3001
Backend server running on port 3001
Backend server running on port 3001
Backend server running on port 3001
Backend server running on port 3001
Backend server running on port 3001
Backend server running on port 3001
Backend server running on port 3001
Backend server running on port 3001
Backend server running on port 3001
Backend server running on port 3001
Backend server running on port 3001
Backend server running on port 3001
Backend server running on port 3001
Backend server running on port 3001
Backend server running on port 3001
Backend server running on port 3001
Backend server running on port 3001
Backend server running on port 3001
Backend server running on port 3001
Backend server running on port 3001
Backend server running on port 3001
Backend server running on port 3001
Backend server running on port 3001
Backend server running on port 3001
Backend server running on port 3001
Backend server running on port 3001
Backend server running on port 3001
Backend server running on port 3001
Backend server running on port 3001
Backend server running on port 3001
Backend server running on port 3001
Backend server running on port 3001
Backend server running on port 3001
Backend server running on port 3001
Backend server running on port 3001
Backend server running on port 3001
Backend server running on port 3001
Backend server running on port 3001
Backend server running on port 3001
Backend server running on port 3001
Backend server running on port 3001
Backend server running on port 3001
Backend server running on port 3001
Backend server running on port 3001
Backend server running on port 3001
Backend server running on port 3001
Backend server running on port 3001
Backend server running on port 3001
Backend server running on port 3001
Backend server running on port 3001
Backend server running on port 3001
Backend server running on port 3001
Backend server running on port 3001
Backend server running on port 3001
Backend server running on port 3001
Backend server running on port 3001
Backend server running on port 3001
Backend server running on port 3001
Backend server running on port 3001
Backend server running on port 3001
Backend server running on port 3001
Backend server running on port 3001
Backend server running on port 3001
Backend server running on port 3001
Backend server running on port 3001
Backend server running on port 3001
Backend server running on port 3001
Backend server running on port 3001
Backend server running on port 3001
Backend server running on port 3001
Backend server running on port 3001
Backend server running on port 3001
Backend server running on port 3001
Backend server running on port 3001
Backend server running on port 3001
Backend server running on port 3001
Backend server running on port 3001
Backend server running on port 3001
Backend server running on port 3001
Backend server running on port 3001
Backend server running on port 3001
Backend server running on port 3001
Backend server running on port 3001
Backend server running on port 3001
Backend server running on port 3001
Backend server running on port 3001
Backend server running on port 3001
Backend server running on port 3001
Backend server running on port 3001
Backend server running on port 3001
Backend server running on port 3001
Backend server running on port 3001
Backend server running on port 3001
Backend server running on port 3001
Backend server running on port 3001
Backend server running on port 3001
Backend server running on port 3001
Backend server running on port 3001
Backend server running on port 3001
Backend server running on port 3001
Backend server running on port 3001
Backend server running on port 3001
Backend server running on port 3001
Backend server running on port 3001
Backend server running on port 3001
Backend server running on port 3001
Backend server running on port 3001
Backend server running on port 3001
Backend server running on port 3001
Backend server running on port 3001
Backend server running on port 3001
Backend server running on port 3001
Backend server running on port 3001
Backend server running on port 3001
Backend server running on port 3001
Backend server running on port 3001
Backend server running on port 3001
Backend server running on port 3001
Backend server running on port 3001
Backend server running on port 3001
Backend server running on port 3001
Backend server running on port 3001
Backend server running on port 3001
Backend server running on port 3001
Backend server running on port 3001
Backend server running on port 3001
Backend server running on port 3001
Backend server running on port 3001
Backend server running on port 3001
Backend server running on port 3001
Backend server running on port 3001
Backend server running on port 3001
Backend server running on port 3001
Backend server running on port 3001
Backend server running on port 3001
Backend server running on port 3001
Backend server running on port 3001
Backend server running on port 3001
Backend server running on port 3001
Backend server running on port 3001
Backend server running on port 3001
Backend server running on port 3001
Backend server running on port 3001
Backend server running on port 3001
Backend server running on port 3001
Backend server running on port 3001
Backend server running on port 3001
Backend server running on port 3001
Backend server running on port 3001
Backend server running on port 3001
Backend server running on port 3001
Backend server running on port 3001
Backend server running on port 3001
Backend server running on port 3001
Backend server running on port 3001
Backend server running on port 3001
Backend server running on port 3001
Backend server running on port 3001
Backend server running on port 3001
Backend server running on port 3001
Backend server running on port 3001
Backend server running on port 3001
Backend server running on port 3001
Backend server running on port 3001
Backend server running on port 3001
Backend server running on port 3001
Backend server running on port 3001
Backend server running on port 3001
Backend server running on port 3001
Backend server running on port 3001
Backend server running on port 3001
Backend server running on port 3001
Backend server running on port 3001
Backend server running on port 3001
Backend server running on port 3001
Backend server running on port 3001
Backend server running on port 3001
Backend server running on port 3001
Backend server running on port 3001
Backend server running on port 3001
Backend server running on port 3001
Backend server running on port 3001
Backend server running on port 3001
Backend server running on port 3001
Backend server running on port 3001
Backend server running on port 3001
Backend server running on port 3001
Backend server running on port 3001
Backend server running on port 3001
Backend server running on port 3001
{
  accepted: [ 'test@test.com' ],
  rejected: [],
  envelopeTime: 31,
  messageTime: 68,
  messageSize: 310,
  response: '250 2.0.0 Ok: queued',
  envelope: {
    from: 'BARD.Scheduler@brandontreston.com',
    to: [ 'test@test.com' ]
  },
  messageId: '<a0467dde-9fd9-ff3a-0fad-d9d24ebd33db@brandontreston.com>'
}
{
  accepted: [ 'test@test.com' ],
  rejected: [],
  envelopeTime: 37,
  messageTime: 70,
  messageSize: 310,
  response: '250 2.0.0 Ok: queued',
  envelope: {
    from: 'BARD.Scheduler@brandontreston.com',
    to: [ 'test@test.com' ]
  },
  messageId: '<d7c1dbba-c1ca-607a-fd31-20c6c3d1b1d2@brandontreston.com>'
}
Backend server running on port 3001
Backend server running on port 3001
Backend server running on port 3001
Backend server running on port 3001
Backend server running on port 3001
Backend server running on port 3001
Backend server running on port 3001
Backend server running on port 3001
Backend server running on port 3001
Backend server running on port 3001
Backend server running on port 3001
Backend server running on port 3001
Backend server running on port 3001
Backend server running on port 3001
Backend server running on port 3001
Backend server running on port 3001
Backend server running on port 3001
Backend server running on port 3001
Backend server running on port 3001
Backend server running on port 3001
Backend server running on port 3001
Backend server running on port 3001
Backend server running on port 3001
Backend server running on port 3001
Backend server running on port 3001
Backend server running on port 3001
Backend server running on port 3001
Backend server running on port 3001
Backend server running on port 3001
Backend server running on port 3001
Backend server running on port 3001
Backend server running on port 3001
Backend server running on port 3001
Backend server running on port 3001
Backend server running on port 3001
Backend server running on port 3001
Backend server running on port 3001
Backend server running on port 3001
Backend server running on port 3001
Backend server running on port 3001
Backend server running on port 3001
Backend server running on port 3001
Backend server running on port 3001
Backend server running on port 3001
Backend server running on port 3001
Backend server running on port 3001
Backend server running on port 3001
Backend server running on port 3001
Backend server running on port 3001
Backend server running on port 3001
Backend server running on port 3001
Backend server running on port 3001
Backend server running on port 3001
Backend server running on port 3001
Backend server running on port 3001
Backend server running on port 3001
Backend server running on port 3001
Backend server running on port 3001
Backend server running on port 3001
Backend server running on port 3001
Backend server running on port 3001
Backend server running on port 3001
Backend server running on port 3001
Backend server running on port 3001
Backend server running on port 3001
Backend server running on port 3001
Backend server running on port 3001
Backend server running on port 3001
Backend server running on port 3001
Backend server running on port 3001
Backend server running on port 3001
Backend server running on port 3001
Backend server running on port 3001
Backend server running on port 3001
Backend server running on port 3001
Backend server running on port 3001
Backend server running on port 3001
Backend server running on port 3001
Backend server running on port 3001
Backend server running on port 3001
Backend server running on port 3001
Backend server running on port 3001
Backend server running on port 3001
Backend server running on port 3001
Backend server running on port 3001
Backend server running on port 3001
Backend server running on port 3001
Backend server running on port 3001
Backend server running on port 3001
Backend server running on port 3001
Backend server running on port 3001
Backend server running on port 3001
Backend server running on port 3001
Backend server running on port 3001
Backend server running on port 3001
Backend server running on port 3001
Backend server running on port 3001
Backend server running on port 3001
Backend server running on port 3001
Backend server running on port 3001
Backend server running on port 3001
Backend server running on port 3001
Backend server running on port 3001
Backend server running on port 3001
Backend server running on port 3001
Backend server running on port 3001
Backend server running on port 3001
Backend server running on port 3001
Backend server running on port 3001
Backend server running on port 3001
Backend server running on port 3001
Backend server running on port 3001
Backend server running on port 3001
Backend server running on port 3001
Backend server running on port 3001
Backend server running on port 3001
Backend server running on port 3001
Backend server running on port 3001
Backend server running on port 3001
Backend server running on port 3001
Backend server running on port 3001
Backend server running on port 3001
Backend server running on port 3001
Backend server running on port 3001
Backend server running on port 3001
Backend server running on port 3001
Backend server running on port 3001
Backend server running on port 3001
Backend server running on port 3001
Backend server running on port 3001
Backend server running on port 3001
Backend server running on port 3001
Backend server running on port 3001
Backend server running on port 3001
Backend server running on port 3001
Backend server running on port 3001
Backend server running on port 3001
Backend server running on port 3001
Backend server running on port 3001
Backend server running on port 3001
Backend server running on port 3001
Backend server running on port 3001
Backend server running on port 3001
Backend server running on port 3001
Backend server running on port 3001
Backend server running on port 3001
Backend server running on port 3001
Backend server running on port 3001
Backend server running on port 3001
Backend server running on port 3001
Backend server running on port 3001
Backend server running on port 3001
Backend server running on port 3001
Backend server running on port 3001
Backend server running on port 3001
Backend server running on port 3001
Backend server running on port 3001
Backend server running on port 3001
Backend server running on port 3001
Backend server running on port 3001
Backend server running on port 3001
Backend server running on port 3001
Backend server running on port 3001
Backend server running on port 3001
Backend server running on port 3001
Backend server running on port 3001
Backend server running on port 3001
Backend server running on port 3001
Backend server running on port 3001
Backend server running on port 3001
Backend server running on port 3001
Backend server running on port 3001
Backend server running on port 3001
Backend server running on port 3001
Backend server running on port 3001
Backend server running on port 3001
Backend server running on port 3001
Backend server running on port 3001
Backend server running on port 3001
Backend server running on port 3001
Backend server running on port 3001
Backend server running on port 3001
Backend server running on port 3001
Backend server running on port 3001
Backend server running on port 3001
Backend server running on port 3001
Backend server running on port 3001
Backend server running on port 3001
Backend server running on port 3001
Backend server running on port 3001
Backend server running on port 3001
Backend server running on port 3001
Backend server running on port 3001
Backend server running on port 3001
Backend server running on port 3001
Backend server running on port 3001
Backend server running on port 3001
Backend server running on port 3001
Backend server running on port 3001
Backend server running on port 3001
Backend server running on port 3001
Backend server running on port 3001
Backend server running on port 3001
Backend server running on port 3001
Backend server running on port 3001
Backend server running on port 3001
Backend server running on port 3001
Backend server running on port 3001
Backend server running on port 3001
Backend server running on port 3001
Backend server running on port 3001
Backend server running on port 3001
Backend server running on port 3001
Backend server running on port 3001
Backend server running on port 3001
Backend server running on port 3001
Backend server running on port 3001
Backend server running on port 3001
Backend server running on port 3001
Backend server running on port 3001
Backend server running on port 3001
Backend server running on port 3001
Backend server running on port 3001
Backend server running on port 3001
Backend server running on port 3001
Backend server running on port 3001
Backend server running on port 3001
Backend server running on port 3001
Backend server running on port 3001
Backend server running on port 3001
Backend server running on port 3001
Backend server running on port 3001
Backend server running on port 3001
Backend server running on port 3001
Backend server running on port 3001
Backend server running on port 3001
Backend server running on port 3001
Backend server running on port 3001
Backend server running on port 3001
Backend server running on port 3001
Backend server running on port 3001
Backend server running on port 3001
Backend server running on port 3001
Backend server running on port 3001
Backend server running on port 3001
Backend server running on port 3001
Backend server running on port 3001
Backend server running on port 3001
Backend server running on port 3001
Backend server running on port 3001
Backend server running on port 3001
Backend server running on port 3001
Backend server running on port 3001
Backend server running on port 3001
Backend server running on port 3001
Backend server running on port 3001
Backend server running on port 3001
Backend server running on port 3001
Backend server running on port 3001
Backend server running on port 3001
Backend server running on port 3001
Backend server running on port 3001
Backend server running on port 3001
Backend server running on port 3001
Backend server running on port 3001
Backend server running on port 3001
Backend server running on port 3001
Backend server running on port 3001
Backend server running on port 3001
Backend server running on port 3001
Backend server running on port 3001
Backend server running on port 3001
Backend server running on port 3001
Backend server running on port 3001
Backend server running on port 3001
Backend server running on port 3001
Backend server running on port 3001
Backend server running on port 3001
Backend server running on port 3001
Backend server running on port 3001
Backend server running on port 3001
Backend server running on port 3001
Backend server running on port 3001
Backend server running on port 3001
Backend server running on port 3001
Backend server running on port 3001
Backend server running on port 3001
Backend server running on port 3001
Backend server running on port 3001
Backend server running on port 3001
Backend server running on port 3001
Backend server running on port 3001
Backend server running on port 3001
Backend server running on port 3001
Backend server running on port 3001
Backend server running on port 3001
Backend server running on port 3001
Backend server running on port 3001
Backend server running on port 3001
Backend server running on port 3001
Backend server running on port 3001
Backend server running on port 3001
Backend server running on port 3001
Backend server running on port 3001
Backend server running on port 3001
Backend server running on port 3001
Backend server running on port 3001
Backend server running on port 3001
Backend server running on port 3001
Backend server running on port 3001
Backend server running on port 3001
Backend server running on port 3001
Backend server running on port 3001
Backend server running on port 3001
Backend server running on port 3001
Backend server running on port 3001
Backend server running on port 3001
Backend server running on port 3001
Backend server running on port 3001
Backend server running on port 3001
Backend server running on port 3001
Backend server running on port 3001
Backend server running on port 3001
Backend server running on port 3001
Backend server running on port 3001
Backend server running on port 3001
Backend server running on port 3001
Backend server running on port 3001
Backend server running on port 3001
Backend server running on port 3001
Backend server running on port 3001
Backend server running on port 3001
Backend server running on port 3001
Backend server running on port 3001
Backend server running on port 3001
Backend server running on port 3001
Backend server running on port 3001
Backend server running on port 3001
Backend server running on port 3001
Backend server running on port 3001
Backend server running on port 3001
Backend server running on port 3001
Backend server running on port 3001
Backend server running on port 3001
Backend server running on port 3001
Backend server running on port 3001
Backend server running on port 3001
Backend server running on port 3001
Backend server running on port 3001
Backend server running on port 3001
Backend server running on port 3001
Backend server running on port 3001
Backend server running on port 3001
Backend server running on port 3001
Backend server running on port 3001
Backend server running on port 3001
Backend server running on port 3001
Backend server running on port 3001
Backend server running on port 3001
Backend server running on port 3001
Backend server running on port 3001
Backend server running on port 3001
Backend server running on port 3001
Backend server running on port 3001
Backend server running on port 3001
Backend server running on port 3001
Backend server running on port 3001
Backend server running on port 3001
Backend server running on port 3001
Backend server running on port 3001
Backend server running on port 3001
Backend server running on port 3001
Backend server running on port 3001
Backend server running on port 3001
Backend server running on port 3001
Backend server running on port 3001
Backend server running on port 3001
Backend server running on port 3001
Backend server running on port 3001
Backend server running on port 3001
Backend server running on port 3001
Backend server running on port 3001
Backend server running on port 3001
Backend server running on port 3001
Backend server running on port 3001
Backend server running on port 3001
Backend server running on port 3001
Backend server running on port 3001
Backend server running on port 3001
Backend server running on port 3001
Backend server running on port 3001
Backend server running on port 3001
Backend server running on port 3001
Backend server running on port 3001
Backend server running on port 3001
Backend server running on port 3001
Backend server running on port 3001
Backend server running on port 3001
Backend server running on port 3001
Backend server running on port 3001
Backend server running on port 3001
Backend server running on port 3001
Backend server running on port 3001
Backend server running on port 3001
Backend server running on port 3001
Backend server running on port 3001
Backend server running on port 3001
Backend server running on port 3001
Backend server running on port 3001
Backend server running on port 3001
Backend server running on port 3001
Backend server running on port 3001
Backend server running on port 3001
Backend server running on port 3001
Backend server running on port 3001
Backend server running on port 3001
Backend server running on port 3001
Backend server running on port 3001
Backend server running on port 3001
Backend server running on port 3001
Backend server running on port 3001
Backend server running on port 3001
Backend server running on port 3001
Backend server running on port 3001
Backend server running on port 3001
Backend server running on port 3001
Backend server running on port 3001
Backend server running on port 3001
Backend server running on port 3001
Backend server running on port 3001
Backend server running on port 3001
Backend server running on port 3001
Backend server running on port 3001
Backend server running on port 3001
Backend server running on port 3001
Backend server running on port 3001
Backend server running on port 3001
Backend server running on port 3001
Backend server running on port 3001
Backend server running on port 3001
Backend server running on port 3001
Backend server running on port 3001
Backend server running on port 3001
Backend server running on port 3001
Backend server running on port 3001
Backend server running on port 3001
Backend server running on port 3001
Backend server running on port 3001
Backend server running on port 3001
Backend server running on port 3001
Backend server running on port 3001
Backend server running on port 3001
Backend server running on port 3001
Backend server running on port 3001
Backend server running on port 3001
Backend server running on port 3001
Backend server running on port 3001
Backend server running on port 3001
Backend server running on port 3001
Backend server running on port 3001
Backend server running on port 3001
Backend server running on port 3001
Backend server running on port 3001
Backend server running on port 3001
Backend server running on port 3001
Backend server running on port 3001
Backend server running on port 3001
Backend server running on port 3001
Backend server running on port 3001
Backend server running on port 3001
Backend server running on port 3001
Backend server running on port 3001
Backend server running on port 3001
Backend server running on port 3001
Backend server running on port 3001
Backend server running on port 3001
Backend server running on port 3001
Backend server running on port 3001
Backend server running on port 3001
Backend server running on port 3001
Backend server running on port 3001
Backend server running on port 3001
Backend server running on port 3001
Backend server running on port 3001
Backend server running on port 3001
Backend server running on port 3001
Backend server running on port 3001
Backend server running on port 3001
Backend server running on port 3001
Backend server running on port 3001
Backend server running on port 3001
Backend server running on port 3001
Backend server running on port 3001
Backend server running on port 3001
Backend server running on port 3002
Backend server running on port 3002
Backend server running on port 3002
Backend server running on port 3002
Backend server running on port 3002
Backend server running on port 3002
Backend server running on port 3002
Backend server running on port 3002
Backend server running on port 3002
Backend server running on port 3002
Backend server running on port 3002
Backend server running on port 3002
Backend server running on port 3002
Backend server running on port 3002
Backend server running on port 3002
